\BOOKMARK [0][-]{chapter*.4}{\376\377\000L\000i\000s\000t\000a\000\040\000d\000e\000\040\000F\000i\000g\000u\000r\000a\000s}{}% 1
\BOOKMARK [0][-]{chapter*.5}{\376\377\000L\000i\000s\000t\000a\000\040\000d\000e\000\040\000T\000a\000b\000e\000l\000a\000s}{}% 2
\BOOKMARK [0][-]{chapter*.6}{\376\377\000L\000i\000s\000t\000a\000\040\000d\000e\000\040\000S\000\355\000m\000b\000o\000l\000o\000s}{}% 3
\BOOKMARK [0][-]{chapter*.7}{\376\377\000L\000i\000s\000t\000a\000\040\000d\000e\000\040\000A\000b\000r\000e\000v\000i\000a\000t\000u\000r\000a\000s}{}% 4
\BOOKMARK [0][-]{chapter.1}{\376\377\000I\000n\000t\000r\000o\000d\000u\000\347\000\343\000o}{}% 5
\BOOKMARK [1][-]{section.1.1}{\376\377\000C\000o\000n\000t\000e\000x\000t\000o\000\040\000e\000\040\000M\000o\000t\000i\000v\000a\000\347\000\343\000o}{chapter.1}% 6
\BOOKMARK [1][-]{section.1.2}{\376\377\000T\000r\000a\000b\000a\000l\000h\000o\000s\000\040\000R\000e\000l\000a\000c\000i\000o\000n\000a\000d\000o\000s}{chapter.1}% 7
\BOOKMARK [1][-]{section.1.3}{\376\377\000E\000s\000c\000o\000p\000o\000\040\000e\000\040\000O\000b\000j\000e\000t\000i\000v\000o\000s}{chapter.1}% 8
\BOOKMARK [1][-]{section.1.4}{\376\377\000M\000a\000t\000e\000r\000i\000a\000i\000s\000\040\000e\000\040\000O\000r\000g\000a\000n\000i\000z\000a\000\347\000\343\000o\000\040\000d\000o\000\040\000T\000e\000x\000t\000o}{chapter.1}% 9
\BOOKMARK [0][-]{chapter.2}{\376\377\000F\000u\000n\000d\000a\000m\000e\000n\000t\000a\000\347\000\343\000o\000\040\000T\000e\000\363\000r\000i\000c\000a}{}% 10
\BOOKMARK [1][-]{section.2.1}{\376\377\000M\000o\000d\000u\000l\000a\000\347\000\343\000o\000\040\000e\000m\000\040\000A\000m\000p\000l\000i\000t\000u\000d\000e}{chapter.2}% 11
\BOOKMARK [1][-]{section.2.2}{\376\377\000E\000s\000p\000e\000c\000t\000r\000o\000\040\000d\000e\000\040\000M\000o\000d\000u\000l\000a\000\347\000\343\000o}{chapter.2}% 12
\BOOKMARK [1][-]{section.2.3}{\376\377\000F\000i\000l\000t\000r\000a\000g\000e\000m\000\040\000d\000e\000\040\000M\000o\000d\000u\000l\000a\000\347\000\343\000o}{chapter.2}% 13
\BOOKMARK [1][-]{section.2.4}{\376\377\000D\000e\000m\000o\000d\000u\000l\000a\000\347\000\343\000o\000\040\000I\000n\000c\000o\000e\000r\000e\000n\000t\000e\000\040\000e\000\040\000C\000o\000e\000r\000e\000n\000t\000e}{chapter.2}% 14
\BOOKMARK [0][-]{chapter.3}{\376\377\000D\000e\000m\000o\000d\000u\000l\000a\000\347\000\343\000o}{}% 15
\BOOKMARK [1][-]{section.3.1}{\376\377\000D\000e\000m\000o\000d\000u\000l\000a\000\347\000\343\000o\000\040\000p\000o\000r\000\040\000B\000a\000n\000c\000o\000\040\000d\000e\000\040\000F\000i\000l\000t\000r\000o\000s}{chapter.3}% 16
\BOOKMARK [2][-]{subsection.3.1.1}{\376\377\000F\000i\000l\000t\000r\000a\000g\000e\000m\000\040\000e\000\040\000R\000e\000s\000s\000\355\000n\000t\000e\000s\000e\000\040\000p\000o\000r\000\040\000S\000u\000b\000-\000b\000a\000n\000d\000a\000s}{section.3.1}% 17
\BOOKMARK [2][-]{subsection.3.1.2}{\376\377\000D\000e\000m\000o\000d\000u\000l\000a\000\347\000\343\000o\000\040\000p\000o\000r\000\040\000T\000r\000a\000n\000s\000f\000o\000r\000m\000a\000d\000a\000\040\000d\000e\000\040\000H\000i\000l\000b\000e\000r\000t}{section.3.1}% 18
\BOOKMARK [2][-]{subsection.3.1.3}{\376\377\000D\000e\000m\000o\000d\000u\000l\000a\000\347\000\343\000o\000\040\000p\000o\000r\000\040\000C\000e\000n\000t\000r\000o\000\040\000d\000e\000\040\000G\000r\000a\000v\000i\000d\000a\000d\000e\000\040\000E\000s\000p\000e\000c\000t\000r\000a\000l}{section.3.1}% 19
\BOOKMARK [2][-]{subsection.3.1.4}{\376\377\000E\000x\000e\000m\000p\000l\000o\000s}{section.3.1}% 20
\BOOKMARK [1][-]{section.3.2}{\376\377\000D\000e\000m\000o\000d\000u\000l\000a\000\347\000\343\000o\000\040\000p\000o\000r\000\040\000C\000o\000n\000t\000e\000\372\000d\000o\000\040\000H\000a\000r\000m\000\364\000n\000i\000c\000o}{chapter.3}% 21
\BOOKMARK [2][-]{subsection.3.2.1}{\376\377\000D\000e\000t\000e\000c\000\347\000\343\000o\000\040\000d\000e\000\040\000P\000i\000t\000c\000h}{section.3.2}% 22
\BOOKMARK [2][-]{subsection.3.2.2}{\376\377\000D\000e\000m\000o\000d\000u\000l\000a\000\347\000\343\000o\000\040\000p\000o\000r\000\040\000C\000o\000n\000t\000e\000\372\000d\000o\000\040\000H\000a\000r\000m\000\364\000n\000i\000c\000o}{section.3.2}% 23
\BOOKMARK [2][-]{subsection.3.2.3}{\376\377\000D\000e\000m\000o\000d\000u\000l\000a\000\347\000\343\000o\000\040\000p\000o\000r\000\040\000C\000o\000n\000t\000e\000\372\000d\000o\000\040\000H\000a\000r\000m\000\364\000n\000i\000c\000o\000\040\000p\000o\000r\000\040\000C\000e\000n\000t\000r\000o\000\040\000d\000e\000\040\000G\000r\000a\000v\000i\000d\000a\000d\000e\000\040\000E\000s\000p\000e\000c\000t\000r\000a\000l}{section.3.2}% 24
\BOOKMARK [2][-]{subsection.3.2.4}{\376\377\000E\000x\000e\000m\000p\000l\000o\000s}{section.3.2}% 25
\BOOKMARK [0][-]{chapter.4}{\376\377\000S\000p\000e\000e\000c\000h\000\040\000E\000n\000h\000a\000n\000c\000e\000m\000e\000n\000t}{}% 26
\BOOKMARK [1][-]{section.4.1}{\376\377\000F\000r\000a\000m\000e\000w\000o\000r\000k\000\040\000A\000n\000\341\000l\000i\000s\000e\000-\000M\000o\000d\000i\000f\000i\000c\000a\000\347\000\343\000o\000-\000S\000\355\000n\000t\000e\000s\000e}{chapter.4}% 27
\BOOKMARK [1][-]{section.4.2}{\376\377\000S\000p\000e\000e\000c\000h\000\040\000E\000n\000h\000a\000n\000c\000e\000m\000e\000n\000t\000\040\000n\000o\000\040\000D\000o\000m\000\355\000n\000i\000o\000\040\000A\000c\000\372\000s\000t\000i\000c\000o}{chapter.4}% 28
\BOOKMARK [2][-]{subsection.4.2.1}{\376\377\000S\000u\000b\000t\000r\000a\000\347\000\343\000o\000\040\000E\000s\000p\000e\000c\000t\000r\000a\000l\000\040\000n\000o\000\040\000D\000o\000m\000\355\000n\000i\000o\000\040\000A\000c\000\372\000s\000t\000i\000c\000o}{section.4.2}% 29
\BOOKMARK [2][-]{subsection.4.2.2}{\376\377\000F\000i\000l\000t\000r\000o\000\040\000d\000e\000\040\000W\000i\000e\000n\000e\000r\000\040\000n\000o\000\040\000D\000o\000m\000\355\000n\000i\000o\000\040\000A\000c\000\372\000s\000t\000i\000c\000o}{section.4.2}% 30
\BOOKMARK [1][-]{section.4.3}{\376\377\000S\000p\000e\000e\000c\000h\000\040\000E\000n\000h\000a\000n\000c\000e\000m\000e\000n\000t\000\040\000n\000o\000\040\000D\000o\000m\000\355\000n\000i\000o\000\040\000d\000a\000\040\000M\000o\000d\000u\000l\000a\000\347\000\343\000o}{chapter.4}% 31
\BOOKMARK [2][-]{subsection.4.3.1}{\376\377\000S\000u\000b\000t\000r\000a\000\347\000\343\000o\000\040\000E\000s\000p\000e\000c\000t\000r\000a\000l\000\040\000n\000o\000\040\000D\000o\000m\000\355\000n\000i\000o\000\040\000d\000a\000\040\000M\000o\000d\000u\000l\000a\000\347\000\343\000o}{section.4.3}% 32
\BOOKMARK [2][-]{subsection.4.3.2}{\376\377\000F\000i\000l\000t\000r\000o\000\040\000d\000e\000\040\000W\000i\000e\000n\000e\000r\000\040\000n\000o\000\040\000D\000o\000m\000\355\000n\000i\000o\000\040\000d\000a\000\040\000M\000o\000d\000u\000l\000a\000\347\000\343\000o}{section.4.3}% 33
\BOOKMARK [1][-]{section.4.4}{\376\377\000C\000o\000m\000p\000a\000r\000a\000\347\000\343\000o\000\040\000e\000\040\000R\000e\000s\000u\000l\000t\000a\000d\000o\000s}{chapter.4}% 34
\BOOKMARK [0][-]{chapter.5}{\376\377\000C\000o\000n\000c\000l\000u\000s\000\365\000e\000s}{}% 35
\BOOKMARK [1][-]{section.5.1}{\376\377\000A\000v\000a\000l\000i\000a\000\347\000\343\000o\000\040\000d\000o\000s\000\040\000R\000e\000s\000u\000l\000t\000a\000d\000o\000s}{chapter.5}% 36
\BOOKMARK [1][-]{section.5.2}{\376\377\000T\000r\000a\000b\000a\000l\000h\000o\000s\000\040\000F\000u\000t\000u\000r\000o\000s}{chapter.5}% 37
\BOOKMARK [0][-]{chapter*.28}{\376\377\000R\000e\000f\000e\000r\000\352\000n\000c\000i\000a\000s\000\040\000B\000i\000b\000l\000i\000o\000g\000r\000\341\000f\000i\000c\000a\000s}{}% 38
